<?xml version="1.0" encoding="UTF-8"?>
<testng-results ignored="0" total="1" passed="0" failed="1" skipped="0">
  <reporter-output>
  </reporter-output>
  <suite started-at="2024-06-25T23:34:12 IST" name="Default suite" finished-at="2024-06-25T23:34:33 IST" duration-ms="21234">
    <groups>
    </groups>
    <test started-at="2024-06-25T23:34:12 IST" name="Default test" finished-at="2024-06-25T23:34:33 IST" duration-ms="21234">
      <class name="debuging.CreateContactTest">
        <test-method is-config="true" signature="configBeforeSuite()[pri:0, instance:debuging.CreateContactTest@41a2befb]" started-at="2024-06-25T23:34:12 IST" name="configBeforeSuite" finished-at="2024-06-25T23:34:12 IST" duration-ms="318" status="PASS">
          <reporter-output>
          </reporter-output>
        </test-method> <!-- configBeforeSuite -->
        <test-method is-config="true" signature="configBeforeTest()[pri:0, instance:debuging.CreateContactTest@41a2befb]" started-at="2024-06-25T23:34:12 IST" name="configBeforeTest" finished-at="2024-06-25T23:34:12 IST" duration-ms="1" status="PASS">
          <reporter-output>
          </reporter-output>
        </test-method> <!-- configBeforeTest -->
        <test-method is-config="true" signature="configBeforeClass()[pri:0, instance:debuging.CreateContactTest@41a2befb]" started-at="2024-06-25T23:34:12 IST" name="configBeforeClass" finished-at="2024-06-25T23:34:16 IST" duration-ms="4328" status="PASS">
          <reporter-output>
          </reporter-output>
        </test-method> <!-- configBeforeClass -->
        <test-method is-config="true" signature="configBeforeMethod()[pri:0, instance:debuging.CreateContactTest@41a2befb]" started-at="2024-06-25T23:34:16 IST" name="configBeforeMethod" finished-at="2024-06-25T23:34:20 IST" duration-ms="3090" status="PASS">
          <reporter-output>
          </reporter-output>
        </test-method> <!-- configBeforeMethod -->
        <test-method signature="createContactTest()[pri:0, instance:debuging.CreateContactTest@41a2befb]" started-at="2024-06-25T23:34:20 IST" name="createContactTest" finished-at="2024-06-25T23:34:31 IST" duration-ms="11578" status="FAIL">
          <exception class="java.lang.AssertionError">
            <message>
              <![CDATA[null]]>
            </message>
            <full-stacktrace>
              <![CDATA[java.lang.AssertionError: null
at org.testng.Assert.fail(Assert.java:99)
at org.testng.Assert.fail(Assert.java:106)
at debuging.CreateContactTest.createContactTest(CreateContactTest.java:67)
at java.base/jdk.internal.reflect.DirectMethodHandleAccessor.invoke(DirectMethodHandleAccessor.java:103)
at java.base/java.lang.reflect.Method.invoke(Method.java:580)
at org.testng.internal.MethodInvocationHelper.invokeMethod(MethodInvocationHelper.java:133)
at org.testng.internal.TestInvoker.invokeMethod(TestInvoker.java:598)
at org.testng.internal.TestInvoker.invokeTestMethod(TestInvoker.java:173)
at org.testng.internal.MethodRunner.runInSequence(MethodRunner.java:46)
at org.testng.internal.TestInvoker$MethodInvocationAgent.invoke(TestInvoker.java:824)
at org.testng.internal.TestInvoker.invokeTestMethods(TestInvoker.java:146)
at org.testng.internal.TestMethodWorker.invokeTestMethods(TestMethodWorker.java:146)
at org.testng.internal.TestMethodWorker.run(TestMethodWorker.java:128)
at java.base/java.util.ArrayList.forEach(ArrayList.java:1596)
at org.testng.TestRunner.privateRun(TestRunner.java:794)
at org.testng.TestRunner.run(TestRunner.java:596)
at org.testng.SuiteRunner.runTest(SuiteRunner.java:377)
at org.testng.SuiteRunner.runSequentially(SuiteRunner.java:371)
at org.testng.SuiteRunner.privateRun(SuiteRunner.java:332)
at org.testng.SuiteRunner.run(SuiteRunner.java:276)
at org.testng.SuiteRunnerWorker.runSuite(SuiteRunnerWorker.java:53)
at org.testng.SuiteRunnerWorker.run(SuiteRunnerWorker.java:96)
at org.testng.TestNG.runSuitesSequentially(TestNG.java:1212)
at org.testng.TestNG.runSuitesLocally(TestNG.java:1134)
at org.testng.TestNG.runSuites(TestNG.java:1063)
at org.testng.TestNG.run(TestNG.java:1031)
at org.testng.remote.AbstractRemoteTestNG.run(AbstractRemoteTestNG.java:115)
at org.testng.remote.RemoteTestNG.initAndRun(RemoteTestNG.java:293)
at org.testng.remote.RemoteTestNG.main(RemoteTestNG.java:91)
]]>
            </full-stacktrace>
          </exception> <!-- java.lang.AssertionError -->
          <reporter-output>
          </reporter-output>
        </test-method> <!-- createContactTest -->
        <test-method is-config="true" signature="configAfterMethod()[pri:0, instance:debuging.CreateContactTest@41a2befb]" started-at="2024-06-25T23:34:31 IST" name="configAfterMethod" finished-at="2024-06-25T23:34:33 IST" duration-ms="1643" status="PASS">
          <reporter-output>
          </reporter-output>
        </test-method> <!-- configAfterMethod -->
        <test-method is-config="true" signature="configAfterClass()[pri:0, instance:debuging.CreateContactTest@41a2befb]" started-at="2024-06-25T23:34:33 IST" name="configAfterClass" finished-at="2024-06-25T23:34:33 IST" duration-ms="353" status="PASS">
          <reporter-output>
          </reporter-output>
        </test-method> <!-- configAfterClass -->
        <test-method is-config="true" signature="configAfterTest()[pri:0, instance:debuging.CreateContactTest@41a2befb]" started-at="2024-06-25T23:34:33 IST" name="configAfterTest" finished-at="2024-06-25T23:34:33 IST" duration-ms="0" status="PASS">
          <reporter-output>
          </reporter-output>
        </test-method> <!-- configAfterTest -->
        <test-method is-config="true" signature="configAfterSuite()[pri:0, instance:debuging.CreateContactTest@41a2befb]" started-at="2024-06-25T23:34:33 IST" name="configAfterSuite" finished-at="2024-06-25T23:34:33 IST" duration-ms="16" status="PASS">
          <reporter-output>
          </reporter-output>
        </test-method> <!-- configAfterSuite -->
      </class> <!-- debuging.CreateContactTest -->
    </test> <!-- Default test -->
  </suite> <!-- Default suite -->
</testng-results>
